[11:33:11] [main/WARN]: Ambiguity between arguments [teleport, location] and [teleport, destination] with inputs: [0.1 -0.5 .9, 0 0 0]
[11:33:11] [main/WARN]: Ambiguity between arguments [teleport, location] and [teleport, targets] with inputs: [0.1 -0.5 .9, 0 0 0]
[11:33:11] [main/WARN]: Ambiguity between arguments [teleport, targets] and [teleport, destination] with inputs: [Player, 0123, dd12be42-52a9-4a91-a8a1-11c01849e498]
[11:33:11] [main/WARN]: Ambiguity between arguments [teleport, targets, location] and [teleport, targets, destination] with inputs: [0.1 -0.5 .9, 0 0 0]
[11:33:11] [main/INFO]: Loaded 0 recipes
[11:33:11] [main/INFO]: Loaded 0 advancements
[11:33:12] [Server thread/INFO]: Starting minecraft server version 1.13.2
[11:33:12] [Server thread/INFO]: Loading properties
[11:33:12] [Server thread/INFO]: Default game type: SURVIVAL
[11:33:12] [Server thread/INFO]: Generating keypair
[11:33:13] [Server thread/INFO]: Starting Minecraft server on *:25565
[11:33:13] [Server thread/INFO]: Using default channel type
[11:33:14] [Server thread/INFO]: Preparing level "world"
[11:33:14] [Server thread/INFO]: Reloading ResourceManager: Default
[11:33:14] [Server thread/INFO]: Loaded 524 recipes
[11:33:15] [Server thread/INFO]: Loaded 571 advancements
[11:33:15] [Server thread/ERROR]: Error loading saved data: villages
java.util.zip.ZipException: Not in GZIP format
	at java.util.zip.GZIPInputStream.readHeader(Unknown Source) ~[?:1.8.0_201]
	at java.util.zip.GZIPInputStream.<init>(Unknown Source) ~[?:1.8.0_201]
	at java.util.zip.GZIPInputStream.<init>(Unknown Source) ~[?:1.8.0_201]
	at hi.a(SourceFile:25) ~[server.jar:?]
	at cby.a(SourceFile:117) ~[server.jar:?]
	at cby.a(SourceFile:52) [server.jar:?]
	at cck.a(SourceFile:31) [server.jar:?]
	at ayf.a(SourceFile:20) [server.jar:?]
	at td.i_(SourceFile:141) [server.jar:?]
	at net.minecraft.server.MinecraftServer.a(SourceFile:352) [server.jar:?]
	at net.minecraft.server.MinecraftServer.a(SourceFile:341) [server.jar:?]
	at so.d(SourceFile:251) [server.jar:?]
	at net.minecraft.server.MinecraftServer.run(SourceFile:566) [server.jar:?]
	at java.lang.Thread.run(Unknown Source) [?:1.8.0_201]
[11:33:15] [Server thread/ERROR]: Error loading saved data: villages_nether
java.util.zip.ZipException: Not in GZIP format
	at java.util.zip.GZIPInputStream.readHeader(Unknown Source) ~[?:1.8.0_201]
	at java.util.zip.GZIPInputStream.<init>(Unknown Source) ~[?:1.8.0_201]
	at java.util.zip.GZIPInputStream.<init>(Unknown Source) ~[?:1.8.0_201]
	at hi.a(SourceFile:25) ~[server.jar:?]
	at cby.a(SourceFile:117) ~[server.jar:?]
	at cby.a(SourceFile:52) [server.jar:?]
	at cck.a(SourceFile:31) [server.jar:?]
	at ayf.a(SourceFile:20) [server.jar:?]
	at sy.b(SourceFile:65) [server.jar:?]
	at net.minecraft.server.MinecraftServer.a(SourceFile:363) [server.jar:?]
	at net.minecraft.server.MinecraftServer.a(SourceFile:341) [server.jar:?]
	at so.d(SourceFile:251) [server.jar:?]
	at net.minecraft.server.MinecraftServer.run(SourceFile:566) [server.jar:?]
	at java.lang.Thread.run(Unknown Source) [?:1.8.0_201]
[11:33:15] [Server thread/ERROR]: Error loading saved data: villages_end
java.util.zip.ZipException: Not in GZIP format
	at java.util.zip.GZIPInputStream.readHeader(Unknown Source) ~[?:1.8.0_201]
	at java.util.zip.GZIPInputStream.<init>(Unknown Source) ~[?:1.8.0_201]
	at java.util.zip.GZIPInputStream.<init>(Unknown Source) ~[?:1.8.0_201]
	at hi.a(SourceFile:25) ~[server.jar:?]
	at cby.a(SourceFile:117) ~[server.jar:?]
	at cby.a(SourceFile:52) [server.jar:?]
	at cck.a(SourceFile:31) [server.jar:?]
	at ayf.a(SourceFile:20) [server.jar:?]
	at sy.b(SourceFile:65) [server.jar:?]
	at net.minecraft.server.MinecraftServer.a(SourceFile:370) [server.jar:?]
	at net.minecraft.server.MinecraftServer.a(SourceFile:341) [server.jar:?]
	at so.d(SourceFile:251) [server.jar:?]
	at net.minecraft.server.MinecraftServer.run(SourceFile:566) [server.jar:?]
	at java.lang.Thread.run(Unknown Source) [?:1.8.0_201]
[11:33:15] [Server thread/INFO]: Preparing start region for dimension minecraft:overworld
[11:33:15] [Server thread/INFO]: Preparing spawn area: 4%
[11:33:15] [Server thread/INFO]: Preparing spawn area: 8%
[11:33:15] [Server thread/INFO]: Preparing spawn area: 12%
[11:33:15] [Server thread/INFO]: Preparing spawn area: 16%
[11:33:15] [Server thread/INFO]: Preparing spawn area: 20%
[11:33:15] [Server thread/INFO]: Preparing spawn area: 24%
[11:33:15] [Server thread/INFO]: Preparing spawn area: 28%
[11:33:15] [Server thread/INFO]: Preparing spawn area: 32%
[11:33:16] [Server thread/INFO]: Preparing spawn area: 36%
[11:33:16] [Server thread/INFO]: Preparing spawn area: 40%
[11:33:16] [Server thread/INFO]: Preparing spawn area: 44%
[11:33:16] [Server thread/INFO]: Preparing spawn area: 48%
[11:33:16] [Server thread/INFO]: Preparing spawn area: 52%
[11:33:16] [Server thread/INFO]: Preparing spawn area: 56%
[11:33:16] [Server thread/WARN]: Keeping entity minecraft:zombie that already exists with UUID f115a1ce-e06e-4ce4-ab98-5edb659ca567
[11:33:16] [Server thread/INFO]: Preparing spawn area: 60%
[11:33:16] [Server thread/WARN]: Keeping entity minecraft:pig that already exists with UUID e73976b3-2cac-444a-9461-fa7e033f139f
[11:33:16] [Server thread/INFO]: Preparing spawn area: 64%
[11:33:16] [Server thread/INFO]: Preparing spawn area: 68%
[11:33:16] [Server thread/INFO]: Preparing spawn area: 72%
[11:33:16] [Server thread/INFO]: Preparing spawn area: 76%
[11:33:16] [Server thread/WARN]: Keeping entity minecraft:pig that already exists with UUID f22d49f9-0bc8-4593-97c9-0d3dbaaaa451
[11:33:16] [Server thread/INFO]: Preparing spawn area: 80%
[11:33:16] [Server thread/INFO]: Preparing spawn area: 84%
[11:33:16] [Server thread/INFO]: Preparing spawn area: 88%
[11:33:16] [Server thread/INFO]: Preparing spawn area: 92%
[11:33:16] [Server thread/INFO]: Preparing spawn area: 96%
[11:33:16] [Server thread/INFO]: Preparing spawn area: 100%
[11:33:16] [Server thread/INFO]: Time elapsed: 942 ms
[11:33:16] [Server thread/INFO]: Done (2.297s)! For help, type "help"
[11:41:15] [Server Shutdown Thread/INFO]: Stopping server
[11:41:15] [Server Shutdown Thread/INFO]: Saving players
